MarketDataParser constructed, packet_count: 0
MarketDataParser constructed
Starting producer thread, initial packet_count: 0
Starting consumer thread
Threads launched
Threads launched
Press Enter to stop the program...
Producer thread affinity set to CPU 0
Producer thread started, packet_count: 0
Generating batch 1/10
Consumer thread affinity set to CPU 1
Consumer thread started
Pushed to queue: AAPL, 150.25, 1000
Pushed to queue: GOOG, 2750.1, 500
Pushed to queue: MSFT, 300.75, 800
Processed batch 1, items pushed: 3
Processed: AAPL, Price: 150.25, Volume: 1000
Processed: GOOG, Price: 2750.1, Volume: 500
Processed: MSFT, Price: 300.75, Volume: 800
Generating batch 2/10
Pushed to queue: AAPL, 151.25, 1001
Pushed to queue: GOOG, 2751.1, 501
Pushed to queue: MSFT, 301.75, 801
Processed batch 2, items pushed: 6
Processed: AAPL, Price: 151.25, Volume: 1001
Processed: GOOG, Price: 2751.1, Volume: 501
Processed: MSFT, Price: 301.75, Volume: 801
Generating batch 3/10
Pushed to queue: AAPL, 152.25, 1002
Processed: AAPL, Price: 152.25, Volume: 1002
Processed: GOOG, Price: 2752.1, Volume: 502
Pushed to queue: GOOG, 2752.1, 502
Pushed to queue: MSFT, 302.75, 802
Processed batch 3, items pushed: 9
Processed: MSFT, Price: 302.75, Volume: 802
Generating batch 4/10
Pushed to queue: AAPL, 153.25, 1003
Pushed to queue: GOOG, 2753.1, 503
Pushed to queue: MSFT, 303.75, 803
Processed: AAPL, Price: 153.25, Volume: 1003
Processed: GOOG, Price: 2753.1, Volume: 503
Processed: MSFT, Price: 303.75, Volume: 803
Processed batch 4, items pushed: 12
Generating batch 5/10
Pushed to queue: AAPL, 154.25, 1004
Pushed to queue: GOOG, 2754.1, 504
Processed: AAPL, Price: 154.25, Volume: 1004
Processed: GOOG, Price: 2754.1, Volume: 504
Pushed to queue: MSFT, 304.75, 804
Processed batch 5, items pushed: 15
Processed: MSFT, Price: 304.75, Volume: 804
Generating batch 6/10
Pushed to queue: AAPL, 155.25, 1005
Pushed to queue: GOOG, 2755.1, 505
Processed: AAPL, Price: 155.25, Volume: 1005
Pushed to queue: MSFT, 305.75, 805
Processed batch 6, items pushed: 18
Processed: GOOG, Price: 2755.1, Volume: 505
Processed: MSFT, Price: 305.75, Volume: 805
Generating batch 7/10
Pushed to queue: AAPL, 156.25, 1006
Pushed to queue: GOOG, 2756.1, 506
Processed: AAPL, Price: 156.25, Volume: 1006
Processed: GOOG, Price: 2756.1, Volume: 506
Pushed to queue: MSFT, 306.75, 806
Processed batch 7, items pushed: 21
Processed: MSFT, Price: 306.75, Volume: 806
Generating batch 8/10
Pushed to queue: AAPL, 157.25, 1007
Pushed to queue: GOOG, 2757.1, 507
Processed: AAPL, Price: 157.25, Volume: 1007
Processed: GOOG, Price: 2757.1, Volume: 507
Processed: MSFT, Price: 307.75, Volume: 807
Pushed to queue: MSFT, 307.75, 807
Processed batch 8, items pushed: 24
Generating batch 9/10
Pushed to queue: AAPL, 158.25, 1008
Pushed to queue: GOOG, 2758.1, 508
Pushed to queue: MSFT, 308.75, 808
Processed batch 9, items pushed: 27
Processed: AAPL, Price: 158.25, Volume: 1008
Processed: GOOG, Price: 2758.1, Volume: 508
Processed: MSFT, Price: 308.75, Volume: 808
Generating batch 10/10
Pushed to queue: AAPL, 159.25, 1009
Pushed to queue: GOOG, 2759.1, 509
Processed: AAPL, Price: 159.25, Volume: 1009
Processed: GOOG, Price: 2759.1, Volume: 509
Pushed to queue: MSFT, 309.75, 809
Processed batch 10, items pushed: 30
Processed: MSFT, Price: 309.75, Volume: 809
Producer thread exiting, total items pushed: 30
Stopping consumer thread
Consumer processed 30 items in 2150.08 ms, 13.953 items/sec
Consumer thread exiting
Joining producer thread
Joining consumer thread
All threads stopped
All threads stopped
Stopping consumer thread
All threads stopped
All threads stopped
MarketDataParser constructed, packet_count: 0
MarketDataParser constructed
Starting producer thread, initial packet_count: 0
Starting consumer thread
Threads launched
Threads launched
Press Enter to stop the program...
Consumer thread affinity set to CPU 1
Consumer thread started
Producer thread affinity set to CPU 0
Producer thread started, packet_count: 0
Generating batch 1/10
Processed: AAPL, Price: 150.25, Volume: 1000
Pushed to queue: AAPL, 150.25, 1000
Processed: GOOG, Price: 2750.1, Volume: 500
Pushed to queue: GOOG, 2750.1, 500
Pushed to queue: MSFT, 300.75, 800
Processed batch 1, items pushed: 3
Processed: MSFT, Price: 300.75, Volume: 800
Generating batch 2/10
Pushed to queue: AAPL, 151.25, 1001
Pushed to queue: GOOG, 2751.1, 501
Processed: AAPL, Price: 151.25, Volume: 1001
Processed: GOOG, Price: 2751.1, Volume: 501
Pushed to queue: MSFT, 301.75, 801
Processed batch 2, items pushed: 6
Processed: MSFT, Price: 301.75, Volume: 801
Generating batch 3/10
Processed: AAPL, Price: 152.25, Volume: 1002
Pushed to queue: AAPL, 152.25, 1002
Processed: GOOG, Price: 2752.1, Volume: 502
Pushed to queue: GOOG, 2752.1, 502
Pushed to queue: MSFT, 302.75, 802
Processed batch 3, items pushed: 9
Processed: MSFT, Price: 302.75, Volume: 802
Generating batch 4/10
Processed: AAPL, Price: 153.25, Volume: 1003
Pushed to queue: AAPL, 153.25, 1003
Pushed to queue: GOOG, 2753.1, 503
Pushed to queue: MSFT, 303.75, 803
Processed: GOOG, Price: 2753.1, Volume: 503
Processed: MSFT, Price: 303.75, Volume: 803
Processed batch 4, items pushed: 12
Generating batch 5/10
Pushed to queue: AAPL, 154.25, 1004
Pushed to queue: GOOG, 2754.1, 504
Pushed to queue: MSFT, 304.75, 804
Processed batch 5, items pushed: 15
Processed: AAPL, Price: 154.25, Volume: 1004
Processed: GOOG, Price: 2754.1, Volume: 504
Processed: MSFT, Price: 304.75, Volume: 804
Generating batch 6/10
Processed: AAPL, Price: 155.25, Volume: 1005
Pushed to queue: AAPL, 155.25, 1005
Processed: GOOG, Price: 2755.1, Volume: 505
Pushed to queue: GOOG, 2755.1, 505
Pushed to queue: MSFT, 305.75, 805
Processed batch 6, items pushed: 18
Processed: MSFT, Price: 305.75, Volume: 805
Generating batch 7/10
Processed: AAPL, Price: 156.25, Volume: 1006
Pushed to queue: AAPL, 156.25, 1006
Processed: GOOG, Price: 2756.1, Volume: 506
Pushed to queue: GOOG, 2756.1, 506
Pushed to queue: MSFT, 306.75, 806
Processed batch 7, items pushed: 21
Processed: MSFT, Price: 306.75, Volume: 806
Generating batch 8/10
Pushed to queue: AAPL, 157.25, 1007
Pushed to queue: GOOG, 2757.1, 507
Processed: AAPL, Price: 157.25, Volume: 1007
Processed: GOOG, Price: 2757.1, Volume: 507
Pushed to queue: MSFT, 307.75, 807
Processed batch 8, items pushed: 24
Processed: MSFT, Price: 307.75, Volume: 807
Generating batch 9/10
Processed: AAPL, Price: 158.25, Volume: 1008
Pushed to queue: AAPL, 158.25, 1008
Pushed to queue: GOOG, 2758.1, 508
Pushed to queue: MSFT, 308.75, 808
Processed: GOOG, Price: 2758.1, Volume: 508
Processed: MSFT, Price: 308.75, Volume: 808
Processed batch 9, items pushed: 27
Generating batch 10/10
Processed: AAPL, Price: 159.25, Volume: 1009
Pushed to queue: AAPL, 159.25, 1009
Processed: GOOG, Price: 2759.1, Volume: 509
Pushed to queue: GOOG, 2759.1, 509
Pushed to queue: MSFT, 309.75, 809
Processed batch 10, items pushed: 30
Processed: MSFT, Price: 309.75, Volume: 809
Producer thread exiting, total items pushed: 30
Stopping consumer thread
Consumer processed 30 items in 1711.66 ms, 17.5268 items/sec
Consumer thread exiting
Joining producer thread
Joining consumer thread
All threads stopped
All threads stopped
Stopping consumer thread
All threads stopped
All threads stopped
